Number of Strongly connected component are: 
1

8 10 9 5 6 4 1 2 7 3 0 
Number of Strongly connected component are: 
3

1 
0 
2 
Number of Strongly connected component are: 
1

10 12 24 29 23 25 27 22 28 18 21 20 17 13 19 16 14 7 8 11 6 5 26 15 9 4 1 3 2 0 
Number of Strongly connected component are: 
1

27 21 31 30 19 29 24 26 25 28 22 20 18 15 14 13 16 23 17 4 12 7 11 10 2 9 8 6 3 1 5 0 
Number of Strongly connected component are: 
1

26 16 23 20 24 12 13 18 25 19 22 17 9 4 21 8 15 11 3 7 2 14 6 10 5 1 0 
Number of Strongly connected component are: 
1

24 14 26 22 25 28 20 27 17 19 23 16 18 15 21 13 8 12 6 7 2 11 10 4 1 9 3 5 0 
Number of Strongly connected component are: 
2

7 
15 18 26 35 29 30 34 20 36 28 33 17 31 38 13 22 11 32 25 39 23 24 37 27 14 8 12 4 9 1 5 19 3 2 10 21 6 16 0 
Number of Strongly connected component are: 
9

9 
3 
5 4 11 7 1 
13 
12 
10 
6 
2 8 
0 
Number of Strongly connected component are: 
1

29 30 20 32 24 27 31 26 28 25 19 18 22 17 23 21 9 15 16 12 13 11 14 10 8 4 5 2 1 6 7 3 0 
Number of Strongly connected component are: 
0

Number of Strongly connected component are: 
1

32 33 13 25 28 26 22 27 29 30 15 20 24 31 16 19 21 11 17 23 8 14 10 18 12 7 1 9 4 3 6 5 2 0 
Number of Strongly connected component are: 
1

0 
Number of Strongly connected component are: 
6

5 
4 
3 
2 
1 
0 
Number of Strongly connected component are: 
10

8 
7 
3 
2 
6 
9 
0 
5 
1 
4 
Number of Strongly connected component are: 
6

3 
0 
16 
7 
5 12 10 2 8 17 14 11 15 1 4 9 6 
13 
Number of Strongly connected component are: 
1

27 32 29 28 31 33 24 25 30 26 20 22 16 21 13 23 12 18 14 17 15 5 11 10 19 9 8 7 6 3 1 2 4 0 
Number of Strongly connected component are: 
8

20 
17 
3 
6 2 10 9 14 5 15 18 12 7 13 4 0 
16 
8 11 
19 
1 
Number of Strongly connected component are: 
4

9 11 10 6 5 8 2 3 0 
1 
7 
4 
Number of Strongly connected component are: 
4

1 
10 4 9 5 7 6 8 3 0 
11 
2 
Number of Strongly connected component are: 
4

1 
2 
4 3 
0 
