Sorted graph is: 
0 3 5 9 20 1 2 4 13 6 11 17 10 19 27 34 36 8 28 16 7 12 14 18 15 25 21 29 32 26 24 33 23 22 31 30 35 
Sorted graph is: 
0 5 1 3 2 12 8 10 4 32 17 23 20 25 36 14 16 15 13 9 6 22 28 34 24 26 35 27 37 18 19 7 11 33 21 31 29 30 
Sorted graph is: 
0 1 2 5 7 4 3 6 8 10 11 9 12 13 
Sorted graph is: 
0 1 3 2 4 
Sorted graph is: 
0 3 1 9 5 2 4 23 6 14 17 10 11 18 8 7 16 20 12 13 15 21 22 19 
Sorted graph is: 
0 1 3 9 2 4 21 5 7 10 11 8 6 13 17 16 15 12 14 20 19 18 
Sorted graph is: 
0 1 17 15 8 3 11 12 4 2 23 19 20 13 16 7 5 6 18 9 35 25 30 10 32 24 26 21 22 28 14 27 33 31 29 34 
Sorted graph is: 
0 1 11 7 2 23 30 4 3 9 43 5 36 39 10 6 8 45 13 41 17 22 31 34 12 18 19 38 42 35 15 48 14 28 27 16 20 29 21 33 46 40 24 26 44 25 37 32 47 
Sorted graph is: 
0 1 3 2 10 4 9 5 8 6 7 
Sorted graph is: 
0 2 9 1 8 4 6 12 21 14 13 3 11 10 20 18 23 16 7 5 15 17 19 22 
Sorted graph is: 

Sorted graph is: 
0 2 1 5 16 13 4 3 9 12 8 11 14 15 17 18 7 6 24 22 20 10 41 21 27 39 23 45 19 30 29 28 25 46 36 34 38 26 32 33 31 35 40 37 43 42 44 
Sorted graph is: 
0 1 2 3 4 5 7 8 9 10 11 12 13 14 15 16 17 18 19 20 6 
Sorted graph is: 

Sorted graph is: 
0 3 14 41 16 5 2 1 8 34 17 21 10 6 12 20 30 15 4 9 13 24 27 32 36 31 28 22 39 7 35 26 29 25 38 19 37 23 11 18 40 33 
Sorted graph is: 
0 1 2 3 5 6 11 8 4 9 12 10 7 
Sorted graph is: 
0 2 4 6 7 9 20 21 3 13 1 8 5 22 14 11 15 19 12 28 17 10 24 16 27 23 25 26 18 
Sorted graph is: 
0 4 1 2 5 3 6 7 
Sorted graph is: 
0 1 3 4 7 9 13 5 2 8 11 6 14 10 12 
Sorted graph is: 
0 1 2 3 5 13 9 31 4 8 10 12 21 15 16 24 39 27 6 35 7 14 25 20 18 30 22 17 23 32 29 28 38 37 11 42 34 33 26 19 44 40 36 41 43 
