answer for test case 1
Bridges
9 5
3 7
3 8
3 4
3 1
3 6
3 7
0 3
0 4
0 4
0 5
0 10
0 8
0 6
0 7
0 3


Articulation Points


answer for test case 2
Bridges
0 2


Articulation Points


answer for test case 3
Bridges
16 3
2 12
2 3
25 3
20 3
20 5
20 3
26 12
26 12
26 3
26 3
26 5
26 3
24 5
23 21
23 21
23 3
23 21
1 8
1 8
1 3
1 8
9 8
9 5
4 16
15 3
15 23
15 23
29 3
29 5
29 23
29 7
29 23
14 3
14 8
14 16
14 21
14 7
11 23
11 8
11 8
11 23
19 23
19 8
19 16
19 23
19 8
19 16
19 26
6 29
6 20
6 29
6 23
6 5
6 21
13 29
13 21
13 1
13 8
13 26
13 24
13 12
13 21
13 7
13 1
17 16
17 20
17 25
17 7
17 7
17 16
17 21
17 9
17 5
17 29
17 29
17 25
17 15
28 1
28 14
28 14
28 1
28 12
28 21
28 8
28 24
28 24
28 29
28 13
28 21
28 23
28 11
0 28
0 10
0 11
0 10
0 13
0 21
0 25
0 21
0 25
0 8
0 26
0 4
0 15
0 2
0 21
0 6
0 3
0 9
0 8
0 28


Articulation Points


answer for test case 4
Bridges
29 3
17 3
7 16
7 16
14 3
14 1
14 1
14 3
23 16
23 16
23 16
23 16
15 16
15 11
30 16
28 22
28 11
28 3
8 1
8 1
8 11
8 16
20 23
20 3
20 1
20 12
20 29
20 3
20 22
5 3
5 16
5 1
5 23
5 12
5 30
5 18
5 23
13 22
13 16
13 16
13 11
24 10
24 30
24 29
24 16
6 29
6 18
6 3
19 23
19 16
19 30
19 3
19 14
19 30
19 30
19 18
19 11
19 11
19 31
19 29
19 21
19 3
27 21
27 11
27 3
27 18
27 21
27 5
27 21
27 16
26 29
26 7
26 14
26 29
26 28
26 10
26 5
26 14
26 16
26 18
25 12
25 7
25 1
25 31
25 1
25 1
25 5
25 28
4 29
4 18
4 12
4 30
4 20
4 20
4 7
9 7
9 1
9 8
9 18
9 23
9 28
9 3
0 9
0 8
0 26
0 13
0 26
0 11
0 18
0 19
0 5
0 9
0 16
0 24
0 20
0 3
0 7
0 31
0 31
0 28


Articulation Points


answer for test case 5
Bridges
25 5
25 5
4 16
4 16
24 12
24 12
24 16
24 5
22 5
22 5
26 5
26 16
19 24
19 18
19 18
19 16
19 18
20 10
20 12
20 5
20 5
11 5
11 16
11 10
11 24
14 12
14 18
14 16
17 8
17 5
17 6
17 5
17 24
2 12
2 16
2 12
2 22
1 26
1 24
1 16
1 24
1 5
7 18
7 6
7 4
7 10
7 4
7 25
23 11
23 20
23 5
23 11
23 8
23 5
3 25
3 18
3 26
3 11
3 14
0 11
0 12
0 6
0 4
0 10
0 2
0 4


Articulation Points


answer for test case 6
Bridges
6 17
20 17
18 27
18 17
23 2
23 27
23 2
23 27
21 2
21 27
21 27
28 17
8 17
8 17
8 2
15 27
15 2
15 27
24 2
24 17
24 4
9 1
9 17
9 20
16 1
16 4
16 1
16 23
16 20
16 10
5 1
5 17
5 21
5 20
5 22
5 27
5 28
5 23
5 27
5 4
5 23
5 28
5 2
14 21
14 26
14 4
14 9
14 4
14 1
14 9
14 2
14 9
14 20
14 4
14 1
14 21
14 20
14 23
14 2
14 4
19 17
19 4
19 12
19 23
19 1
19 23
19 21
19 23
19 10
19 2
19 2
19 23
13 4
13 4
13 21
13 1
13 28
13 22
13 10
13 27
13 23
13 2
13 10
13 17
13 28
13 2
13 21
13 26
13 8
13 27
0 2
0 19
0 24
0 6
0 21
0 20
0 24
0 9
0 12
0 20
0 12
0 3
0 21
0 10
0 12
0 28
0 6
0 26
0 27
0 17


Articulation Points


answer for test case 7
Bridges
34 36
23 1
23 4
6 1
19 4
5 1
5 9
16 20
16 18
25 23
30 37
30 7
30 5
30 1
28 1
28 4
28 36
28 29
33 20
33 19
10 24
31 9
31 4
31 18
14 37
14 12
14 37
14 36
27 9
27 37
27 35
27 9
27 39
21 35
21 6
21 33
21 1
15 14
15 24
3 9
3 19
3 4
2 9
2 11
2 31
2 18
0 18
0 24
0 37
0 23
0 19
0 30
0 36
0 36


Articulation Points
30 

answer for test case 8
Bridges
2 9
8 2
8 2
8 2
11 4
7 11
7 1
7 13
10 7
6 10
6 13
6 3
8 6
0 8


Articulation Points
2 6 8 

answer for test case 9
Bridges
24 3
7 3
8 3
8 3
14 26
14 27
19 26
19 3
19 7
11 13
11 26
11 27
6 13
6 7
10 26
10 27
31 26
31 7
31 27
31 26
31 7
31 7
31 3
31 27
22 13
22 11
22 26
22 7
22 27
22 14
22 8
22 8
22 7
22 8
17 7
17 3
17 11
17 14
17 14
17 3
30 3
30 13
30 13
30 14
30 19
30 3
30 8
15 7
15 7
15 3
15 27
15 13
16 11
16 14
16 8
16 8
16 4
16 19
16 3
16 3
18 19
18 27
18 31
18 24
18 13
18 26
18 14
18 17
21 24
21 27
21 6
21 6
21 24
21 6
21 24
21 27
21 19
21 24
23 17
23 26
23 27
23 17
23 11
23 27
23 3
23 7
23 13
23 13
23 27
1 31
1 24
1 2
1 4
1 19
1 6
1 6
1 5
1 7
1 13
1 2
32 15
32 26
32 6
32 19
32 6
32 24
32 24
32 22
32 26
32 11
32 15
32 2
32 3
32 2
32 4
20 8
20 30
20 5
20 7
20 4
20 6
20 8
20 17
20 4
20 30
20 4
20 22
20 30
20 8
20 30
20 11
20 8
20 14
20 7
20 2
25 19
25 3
25 8
25 5
25 28
25 31
25 5
25 22
25 2
25 17
25 2
25 17
25 7
25 3
12 30
12 13
12 6
12 13
12 30
12 5
12 4
12 9
12 4
0 8
0 27
0 26
0 30
0 6
0 14
0 27
0 16
0 14
0 13
0 3
0 21
0 18
0 21
0 2
0 29
0 8
0 6
0 19


Articulation Points


answer for test case 10
Bridges


Articulation Points


answer for test case 11
Bridges
32 16
15 16
5 16
5 16
5 6
24 16
24 6
24 16
9 13
17 16
23 6
23 7
8 13
27 13
27 6
18 7
18 13
18 13
18 16
22 6
22 10
26 6
26 11
26 25
26 7
26 6
12 20
12 24
12 7
12 7
12 6
33 16
33 11
33 24
33 9
33 13
21 13
21 16
21 11
21 5
21 10
14 24
14 1
14 22
14 10
14 6
14 6
14 22
3 21
3 13
3 6
3 21
3 26
3 10
3 6
3 5
30 5
30 1
30 21
30 6
30 10
30 13
19 21
19 2
19 24
19 25
19 18
19 20
19 26
19 24
19 16
31 11
31 18
31 2
31 22
31 6
31 16
4 9
4 22
4 25
4 18
4 9
4 10
4 5
4 5
4 13
28 22
28 25
28 13
28 6
28 6
28 25
28 24
28 26
29 1
29 16
29 20
29 12
29 13
29 5
29 5
29 6
29 25
29 1
29 2
29 20
29 4
29 25
29 4
0 18
0 21
0 9
0 2
0 23
0 2
0 25
0 16
0 4
0 26
0 2
0 24
0 12


Articulation Points


answer for test case 12
Bridges


Articulation Points


answer for test case 13
Bridges
4 3
0 4
1 2
0 1
0 4


Articulation Points
0 1 4 

answer for test case 14
Bridges
5 8
5 1
4 7
6 2
6 2


Articulation Points
4 5 6 

answer for test case 15
Bridges
2 1
8 17
10 17
6 10
6 13
6 2
6 10
0 6
0 16
0 14
0 1


Articulation Points


answer for test case 16
Bridges
22 33
22 33
22 26
22 26
25 26
25 3
25 3
25 26
25 33
25 1
25 1
23 1
23 12
23 26
16 26
16 3
16 1
7 21
7 21
7 8
7 1
11 33
11 33
11 12
20 33
20 33
20 26
20 21
31 3
31 1
31 8
31 33
31 24
31 33
18 32
18 21
18 26
18 24
18 1
18 12
18 12
18 19
18 26
18 23
18 19
18 3
18 33
6 12
6 19
6 26
6 8
6 21
6 23
6 4
6 23
6 16
6 33
6 26
6 7
6 12
6 32
6 16
6 7
6 26
6 1
6 3
6 26
6 13
17 4
17 20
17 8
17 32
17 33
17 3
17 1
17 3
17 5
15 21
15 21
15 33
15 13
15 5
15 21
15 33
15 5
15 1
15 7
15 21
15 3
15 5
15 5
15 5
2 13
2 24
2 18
2 33
2 16
2 16
2 26
2 4
2 33
2 24
2 13
2 13
2 1
2 13
10 18
10 13
10 32
10 31
10 20
10 32
10 26
10 20
10 19
10 3
10 4
10 12
10 23
10 19
10 32
10 33
10 18
10 33
10 32
30 28
30 16
30 23
30 8
30 26
30 8
30 12
30 8
30 26
30 20
30 1
30 17
30 26
30 16
30 17
30 27
30 4
0 8
0 15
0 26
0 26
0 28
0 23
0 26
0 31
0 4
0 17
0 26
0 25
0 7
0 21
0 4
0 11
0 4
0 18
0 2
0 16
0 7
0 23
0 1
0 13
0 14
0 24


Articulation Points


answer for test case 17
Bridges
2 1
13 11
13 4
13 7
13 8
13 8
13 3
14 5
14 9
14 10
0 14
0 12
0 4


Articulation Points


answer for test case 18
Bridges
9 1
8 7
8 10
8 11
8 6
5 10
5 6
5 10
0 6
0 11
0 9
0 6
0 9
0 11


Articulation Points


answer for test case 19
Bridges
7 11
8 2
9 6
4 7
4 7
0 5
0 5
0 3
0 5


Articulation Points
7 8 

answer for test case 20
Bridges
3 4
3 4
3 4
3 4
2 3
1 2
0 1


Articulation Points
1 2 3 

